[0.021s] Invoking command in '/home/bgb_6342/ws_manipulator/build/manipulator': CMAKE_PREFIX_PATH=/opt/ros/humble /usr/bin/cmake --build /home/bgb_6342/ws_manipulator/build/manipulator -- -j4 -l4
[0.044s] -- Found ament_cmake: 1.3.11 (/opt/ros/humble/share/ament_cmake/cmake)
[0.198s] -- Found ament_lint_auto: 0.12.12 (/opt/ros/humble/share/ament_lint_auto/cmake)
[0.284s] -- Added test 'flake8' to check Python code syntax and style conventions
[0.285s] -- Added test 'lint_cmake' to check CMake code style
[0.286s] -- Added test 'pep257' to check Python code against some of the docstring style conventions in PEP 257
[0.287s] -- Added test 'xmllint' to check XML markup files
[0.288s] -- Configuring done
[0.292s] -- Generating done
[0.294s] -- Build files have been written to: /home/bgb_6342/ws_manipulator/build/manipulator
[0.320s] Invoked command in '/home/bgb_6342/ws_manipulator/build/manipulator' returned '0': CMAKE_PREFIX_PATH=/opt/ros/humble /usr/bin/cmake --build /home/bgb_6342/ws_manipulator/build/manipulator -- -j4 -l4
[0.333s] Invoking command in '/home/bgb_6342/ws_manipulator/build/manipulator': CMAKE_PREFIX_PATH=/opt/ros/humble /usr/bin/cmake --install /home/bgb_6342/ws_manipulator/build/manipulator
[0.341s] -- Install configuration: ""
[0.342s] -- Installing: /home/bgb_6342/ws_manipulator/install/manipulator/share/manipulator/launch
[0.342s] -- Installing: /home/bgb_6342/ws_manipulator/install/manipulator/share/manipulator/launch/display.launch.py
[0.342s] -- Installing: /home/bgb_6342/ws_manipulator/install/manipulator/share/manipulator/urdf
[0.342s] -- Installing: /home/bgb_6342/ws_manipulator/install/manipulator/share/manipulator/urdf/model.urdf
[0.343s] -- Installing: /home/bgb_6342/ws_manipulator/install/manipulator/share/manipulator/config
[0.343s] -- Installing: /home/bgb_6342/ws_manipulator/install/manipulator/share/ament_index/resource_index/package_run_dependencies/manipulator
[0.343s] -- Up-to-date: /home/bgb_6342/ws_manipulator/install/manipulator/share/ament_index/resource_index/parent_prefix_path/manipulator
[0.343s] -- Up-to-date: /home/bgb_6342/ws_manipulator/install/manipulator/share/manipulator/environment/ament_prefix_path.sh
[0.343s] -- Installing: /home/bgb_6342/ws_manipulator/install/manipulator/share/manipulator/environment/ament_prefix_path.dsv
[0.343s] -- Up-to-date: /home/bgb_6342/ws_manipulator/install/manipulator/share/manipulator/environment/path.sh
[0.344s] -- Installing: /home/bgb_6342/ws_manipulator/install/manipulator/share/manipulator/environment/path.dsv
[0.344s] -- Up-to-date: /home/bgb_6342/ws_manipulator/install/manipulator/share/manipulator/local_setup.bash
[0.344s] -- Up-to-date: /home/bgb_6342/ws_manipulator/install/manipulator/share/manipulator/local_setup.sh
[0.344s] -- Up-to-date: /home/bgb_6342/ws_manipulator/install/manipulator/share/manipulator/local_setup.zsh
[0.344s] -- Installing: /home/bgb_6342/ws_manipulator/install/manipulator/share/manipulator/local_setup.dsv
[0.344s] -- Installing: /home/bgb_6342/ws_manipulator/install/manipulator/share/manipulator/package.dsv
[0.345s] -- Up-to-date: /home/bgb_6342/ws_manipulator/install/manipulator/share/ament_index/resource_index/packages/manipulator
[0.345s] -- Up-to-date: /home/bgb_6342/ws_manipulator/install/manipulator/share/manipulator/cmake/manipulatorConfig.cmake
[0.345s] -- Up-to-date: /home/bgb_6342/ws_manipulator/install/manipulator/share/manipulator/cmake/manipulatorConfig-version.cmake
[0.345s] -- Installing: /home/bgb_6342/ws_manipulator/install/manipulator/share/manipulator/package.xml
[0.347s] Invoked command in '/home/bgb_6342/ws_manipulator/build/manipulator' returned '0': CMAKE_PREFIX_PATH=/opt/ros/humble /usr/bin/cmake --install /home/bgb_6342/ws_manipulator/build/manipulator
