[0.019s] Invoking command in '/home/bgb_6342/ws_manipulator/build/manipulator': CMAKE_PREFIX_PATH=${CMAKE_PREFIX_PATH}:/opt/ros/humble /usr/bin/cmake --build /home/bgb_6342/ws_manipulator/build/manipulator -- -j4 -l4
[0.072s] Invoked command in '/home/bgb_6342/ws_manipulator/build/manipulator' returned '0': CMAKE_PREFIX_PATH=${CMAKE_PREFIX_PATH}:/opt/ros/humble /usr/bin/cmake --build /home/bgb_6342/ws_manipulator/build/manipulator -- -j4 -l4
[0.084s] Invoking command in '/home/bgb_6342/ws_manipulator/build/manipulator': CMAKE_PREFIX_PATH=${CMAKE_PREFIX_PATH}:/opt/ros/humble /usr/bin/cmake --install /home/bgb_6342/ws_manipulator/build/manipulator
[0.093s] -- Install configuration: ""
[0.093s] -- Execute custom install script
[0.094s] -- Up-to-date symlink: /home/bgb_6342/ws_manipulator/install/manipulator/share/manipulator/launch/display.launch.py
[0.094s] -- Symlinking: /home/bgb_6342/ws_manipulator/install/manipulator/share/manipulator/launch/launch_sim.launch.py
[0.104s] -- Up-to-date symlink: /home/bgb_6342/ws_manipulator/install/manipulator/share/manipulator/urdf/intertial_macros.xacro
[0.104s] -- Up-to-date symlink: /home/bgb_6342/ws_manipulator/install/manipulator/share/manipulator/urdf/model.urdf.xacro
[0.105s] -- Up-to-date symlink: /home/bgb_6342/ws_manipulator/install/manipulator/share/ament_index/resource_index/package_run_dependencies/manipulator
[0.105s] -- Up-to-date symlink: /home/bgb_6342/ws_manipulator/install/manipulator/share/ament_index/resource_index/parent_prefix_path/manipulator
[0.105s] -- Up-to-date symlink: /home/bgb_6342/ws_manipulator/install/manipulator/share/manipulator/environment/ament_prefix_path.sh
[0.105s] -- Up-to-date symlink: /home/bgb_6342/ws_manipulator/install/manipulator/share/manipulator/environment/ament_prefix_path.dsv
[0.106s] -- Up-to-date symlink: /home/bgb_6342/ws_manipulator/install/manipulator/share/manipulator/environment/path.sh
[0.107s] -- Up-to-date symlink: /home/bgb_6342/ws_manipulator/install/manipulator/share/manipulator/environment/path.dsv
[0.107s] -- Up-to-date symlink: /home/bgb_6342/ws_manipulator/install/manipulator/share/manipulator/local_setup.bash
[0.107s] -- Up-to-date symlink: /home/bgb_6342/ws_manipulator/install/manipulator/share/manipulator/local_setup.sh
[0.107s] -- Up-to-date symlink: /home/bgb_6342/ws_manipulator/install/manipulator/share/manipulator/local_setup.zsh
[0.108s] -- Up-to-date symlink: /home/bgb_6342/ws_manipulator/install/manipulator/share/manipulator/local_setup.dsv
[0.108s] -- Symlinking: /home/bgb_6342/ws_manipulator/install/manipulator/share/manipulator/package.dsv
[0.121s] -- Up-to-date symlink: /home/bgb_6342/ws_manipulator/install/manipulator/share/ament_index/resource_index/packages/manipulator
[0.121s] -- Up-to-date symlink: /home/bgb_6342/ws_manipulator/install/manipulator/share/manipulator/cmake/manipulatorConfig.cmake
[0.121s] -- Up-to-date symlink: /home/bgb_6342/ws_manipulator/install/manipulator/share/manipulator/cmake/manipulatorConfig-version.cmake
[0.121s] -- Up-to-date symlink: /home/bgb_6342/ws_manipulator/install/manipulator/share/manipulator/package.xml
[0.125s] Invoked command in '/home/bgb_6342/ws_manipulator/build/manipulator' returned '0': CMAKE_PREFIX_PATH=${CMAKE_PREFIX_PATH}:/opt/ros/humble /usr/bin/cmake --install /home/bgb_6342/ws_manipulator/build/manipulator
