[0.033s] Invoking command in '/home/bgb_6342/ws_manipulator/build/manipulator': CMAKE_PREFIX_PATH=${CMAKE_PREFIX_PATH}:/opt/ros/humble /usr/bin/cmake --build /home/bgb_6342/ws_manipulator/build/manipulator -- -j4 -l4
[0.193s] Invoked command in '/home/bgb_6342/ws_manipulator/build/manipulator' returned '0': CMAKE_PREFIX_PATH=${CMAKE_PREFIX_PATH}:/opt/ros/humble /usr/bin/cmake --build /home/bgb_6342/ws_manipulator/build/manipulator -- -j4 -l4
[0.204s] Invoking command in '/home/bgb_6342/ws_manipulator/build/manipulator': CMAKE_PREFIX_PATH=${CMAKE_PREFIX_PATH}:/opt/ros/humble /usr/bin/cmake --install /home/bgb_6342/ws_manipulator/build/manipulator
[0.219s] -- Install configuration: ""
[0.220s] -- Execute custom install script
[0.221s] -- Up-to-date symlink: /home/bgb_6342/ws_manipulator/install/manipulator/share/manipulator/launch/display.launch.py
[0.222s] -- Up-to-date symlink: /home/bgb_6342/ws_manipulator/install/manipulator/share/manipulator/launch/launch_sim.launch.py
[0.223s] -- Up-to-date symlink: /home/bgb_6342/ws_manipulator/install/manipulator/share/manipulator/urdf/gazebo_control.xacro
[0.223s] -- Up-to-date symlink: /home/bgb_6342/ws_manipulator/install/manipulator/share/manipulator/urdf/inertial_macros.xacro
[0.224s] -- Up-to-date symlink: /home/bgb_6342/ws_manipulator/install/manipulator/share/manipulator/urdf/model.urdf
[0.224s] -- Up-to-date symlink: /home/bgb_6342/ws_manipulator/install/manipulator/share/manipulator/urdf/model.urdf.xacro
[0.227s] -- Up-to-date symlink: /home/bgb_6342/ws_manipulator/install/manipulator/share/manipulator/config/ros2_controllers.yaml
[0.227s] -- Up-to-date symlink: /home/bgb_6342/ws_manipulator/install/manipulator/share/ament_index/resource_index/package_run_dependencies/manipulator
[0.228s] -- Up-to-date symlink: /home/bgb_6342/ws_manipulator/install/manipulator/share/ament_index/resource_index/parent_prefix_path/manipulator
[0.228s] -- Up-to-date symlink: /home/bgb_6342/ws_manipulator/install/manipulator/share/manipulator/environment/ament_prefix_path.sh
[0.229s] -- Up-to-date symlink: /home/bgb_6342/ws_manipulator/install/manipulator/share/manipulator/environment/ament_prefix_path.dsv
[0.230s] -- Up-to-date symlink: /home/bgb_6342/ws_manipulator/install/manipulator/share/manipulator/environment/path.sh
[0.230s] -- Up-to-date symlink: /home/bgb_6342/ws_manipulator/install/manipulator/share/manipulator/environment/path.dsv
[0.231s] -- Up-to-date symlink: /home/bgb_6342/ws_manipulator/install/manipulator/share/manipulator/local_setup.bash
[0.231s] -- Up-to-date symlink: /home/bgb_6342/ws_manipulator/install/manipulator/share/manipulator/local_setup.sh
[0.232s] -- Up-to-date symlink: /home/bgb_6342/ws_manipulator/install/manipulator/share/manipulator/local_setup.zsh
[0.232s] -- Up-to-date symlink: /home/bgb_6342/ws_manipulator/install/manipulator/share/manipulator/local_setup.dsv
[0.233s] -- Symlinking: /home/bgb_6342/ws_manipulator/install/manipulator/share/manipulator/package.dsv
[0.245s] -- Up-to-date symlink: /home/bgb_6342/ws_manipulator/install/manipulator/share/ament_index/resource_index/packages/manipulator
[0.246s] -- Up-to-date symlink: /home/bgb_6342/ws_manipulator/install/manipulator/share/manipulator/cmake/manipulatorConfig.cmake
[0.247s] -- Up-to-date symlink: /home/bgb_6342/ws_manipulator/install/manipulator/share/manipulator/cmake/manipulatorConfig-version.cmake
[0.247s] -- Up-to-date symlink: /home/bgb_6342/ws_manipulator/install/manipulator/share/manipulator/package.xml
[0.250s] Invoked command in '/home/bgb_6342/ws_manipulator/build/manipulator' returned '0': CMAKE_PREFIX_PATH=${CMAKE_PREFIX_PATH}:/opt/ros/humble /usr/bin/cmake --install /home/bgb_6342/ws_manipulator/build/manipulator
