[0.015s] Invoking command in '/home/bgb_6342/ws_manipulator/build/manipulator': CMAKE_PREFIX_PATH=${CMAKE_PREFIX_PATH}:/opt/ros/humble /usr/bin/cmake /home/bgb_6342/ws_manipulator/src/manipulator -DAMENT_CMAKE_SYMLINK_INSTALL=1 -DCMAKE_INSTALL_PREFIX=/home/bgb_6342/ws_manipulator/install/manipulator
[0.042s] -- Found ament_cmake: 1.3.11 (/opt/ros/humble/share/ament_cmake/cmake)
[0.220s] -- Override CMake install command with custom implementation using symlinks instead of copying resources
[0.245s] -- Found ament_lint_auto: 0.12.12 (/opt/ros/humble/share/ament_lint_auto/cmake)
[0.360s] -- Added test 'flake8' to check Python code syntax and style conventions
[0.361s] -- Added test 'lint_cmake' to check CMake code style
[0.362s] -- Added test 'pep257' to check Python code against some of the docstring style conventions in PEP 257
[0.365s] -- Added test 'xmllint' to check XML markup files
[0.370s] -- Configuring done
[0.384s] -- Generating done
[0.384s] -- Build files have been written to: /home/bgb_6342/ws_manipulator/build/manipulator
[0.388s] Invoked command in '/home/bgb_6342/ws_manipulator/build/manipulator' returned '0': CMAKE_PREFIX_PATH=${CMAKE_PREFIX_PATH}:/opt/ros/humble /usr/bin/cmake /home/bgb_6342/ws_manipulator/src/manipulator -DAMENT_CMAKE_SYMLINK_INSTALL=1 -DCMAKE_INSTALL_PREFIX=/home/bgb_6342/ws_manipulator/install/manipulator
[0.391s] Invoking command in '/home/bgb_6342/ws_manipulator/build/manipulator': CMAKE_PREFIX_PATH=${CMAKE_PREFIX_PATH}:/opt/ros/humble /usr/bin/cmake --build /home/bgb_6342/ws_manipulator/build/manipulator -- -j4 -l4
[0.437s] Invoked command in '/home/bgb_6342/ws_manipulator/build/manipulator' returned '0': CMAKE_PREFIX_PATH=${CMAKE_PREFIX_PATH}:/opt/ros/humble /usr/bin/cmake --build /home/bgb_6342/ws_manipulator/build/manipulator -- -j4 -l4
[0.450s] Invoking command in '/home/bgb_6342/ws_manipulator/build/manipulator': CMAKE_PREFIX_PATH=${CMAKE_PREFIX_PATH}:/opt/ros/humble /usr/bin/cmake --install /home/bgb_6342/ws_manipulator/build/manipulator
[0.459s] -- Install configuration: ""
[0.459s] -- Execute custom install script
[0.459s] -- Symlinking: /home/bgb_6342/ws_manipulator/install/manipulator/share/manipulator/launch/display.launch.py
[0.470s] -- Symlinking: /home/bgb_6342/ws_manipulator/install/manipulator/share/manipulator/urdf/model.urdf.xacro
[0.479s] -- Symlinking: /home/bgb_6342/ws_manipulator/install/manipulator/share/ament_index/resource_index/package_run_dependencies/manipulator
[0.488s] -- Symlinking: /home/bgb_6342/ws_manipulator/install/manipulator/share/ament_index/resource_index/parent_prefix_path/manipulator
[0.499s] -- Symlinking: /home/bgb_6342/ws_manipulator/install/manipulator/share/manipulator/environment/ament_prefix_path.sh
[0.510s] -- Symlinking: /home/bgb_6342/ws_manipulator/install/manipulator/share/manipulator/environment/ament_prefix_path.dsv
[0.523s] -- Symlinking: /home/bgb_6342/ws_manipulator/install/manipulator/share/manipulator/environment/path.sh
[0.533s] -- Symlinking: /home/bgb_6342/ws_manipulator/install/manipulator/share/manipulator/environment/path.dsv
[0.542s] -- Symlinking: /home/bgb_6342/ws_manipulator/install/manipulator/share/manipulator/local_setup.bash
[0.551s] -- Symlinking: /home/bgb_6342/ws_manipulator/install/manipulator/share/manipulator/local_setup.sh
[0.561s] -- Symlinking: /home/bgb_6342/ws_manipulator/install/manipulator/share/manipulator/local_setup.zsh
[0.570s] -- Symlinking: /home/bgb_6342/ws_manipulator/install/manipulator/share/manipulator/local_setup.dsv
[0.579s] -- Symlinking: /home/bgb_6342/ws_manipulator/install/manipulator/share/manipulator/package.dsv
[0.588s] -- Symlinking: /home/bgb_6342/ws_manipulator/install/manipulator/share/ament_index/resource_index/packages/manipulator
[0.597s] -- Symlinking: /home/bgb_6342/ws_manipulator/install/manipulator/share/manipulator/cmake/manipulatorConfig.cmake
[0.606s] -- Symlinking: /home/bgb_6342/ws_manipulator/install/manipulator/share/manipulator/cmake/manipulatorConfig-version.cmake
[0.620s] -- Symlinking: /home/bgb_6342/ws_manipulator/install/manipulator/share/manipulator/package.xml
[0.631s] Invoked command in '/home/bgb_6342/ws_manipulator/build/manipulator' returned '0': CMAKE_PREFIX_PATH=${CMAKE_PREFIX_PATH}:/opt/ros/humble /usr/bin/cmake --install /home/bgb_6342/ws_manipulator/build/manipulator
