[0.018s] Invoking command in '/home/bgb_6342/ws_manipulator/build/manipulator': CMAKE_PREFIX_PATH=${CMAKE_PREFIX_PATH}:/opt/ros/humble /usr/bin/cmake --build /home/bgb_6342/ws_manipulator/build/manipulator -- -j4 -l4
[0.071s] Invoked command in '/home/bgb_6342/ws_manipulator/build/manipulator' returned '0': CMAKE_PREFIX_PATH=${CMAKE_PREFIX_PATH}:/opt/ros/humble /usr/bin/cmake --build /home/bgb_6342/ws_manipulator/build/manipulator -- -j4 -l4
[0.082s] Invoking command in '/home/bgb_6342/ws_manipulator/build/manipulator': CMAKE_PREFIX_PATH=${CMAKE_PREFIX_PATH}:/opt/ros/humble /usr/bin/cmake --install /home/bgb_6342/ws_manipulator/build/manipulator
[0.091s] -- Install configuration: ""
[0.091s] -- Up-to-date: /home/bgb_6342/ws_manipulator/install/manipulator/share/manipulator/launch
[0.092s] -- Up-to-date: /home/bgb_6342/ws_manipulator/install/manipulator/share/manipulator/launch/display.launch.py
[0.092s] -- Up-to-date: /home/bgb_6342/ws_manipulator/install/manipulator/share/manipulator/urdf
[0.093s] -- Up-to-date: /home/bgb_6342/ws_manipulator/install/manipulator/share/manipulator/urdf/model.urdf
[0.093s] -- Up-to-date: /home/bgb_6342/ws_manipulator/install/manipulator/share/manipulator/config
[0.094s] -- Up-to-date: /home/bgb_6342/ws_manipulator/install/manipulator/share/ament_index/resource_index/package_run_dependencies/manipulator
[0.094s] -- Up-to-date: /home/bgb_6342/ws_manipulator/install/manipulator/share/ament_index/resource_index/parent_prefix_path/manipulator
[0.094s] -- Up-to-date: /home/bgb_6342/ws_manipulator/install/manipulator/share/manipulator/environment/ament_prefix_path.sh
[0.094s] -- Up-to-date: /home/bgb_6342/ws_manipulator/install/manipulator/share/manipulator/environment/ament_prefix_path.dsv
[0.094s] -- Up-to-date: /home/bgb_6342/ws_manipulator/install/manipulator/share/manipulator/environment/path.sh
[0.094s] -- Up-to-date: /home/bgb_6342/ws_manipulator/install/manipulator/share/manipulator/environment/path.dsv
[0.094s] -- Up-to-date: /home/bgb_6342/ws_manipulator/install/manipulator/share/manipulator/local_setup.bash
[0.094s] -- Up-to-date: /home/bgb_6342/ws_manipulator/install/manipulator/share/manipulator/local_setup.sh
[0.094s] -- Up-to-date: /home/bgb_6342/ws_manipulator/install/manipulator/share/manipulator/local_setup.zsh
[0.094s] -- Up-to-date: /home/bgb_6342/ws_manipulator/install/manipulator/share/manipulator/local_setup.dsv
[0.094s] -- Up-to-date: /home/bgb_6342/ws_manipulator/install/manipulator/share/manipulator/package.dsv
[0.095s] -- Up-to-date: /home/bgb_6342/ws_manipulator/install/manipulator/share/ament_index/resource_index/packages/manipulator
[0.095s] -- Up-to-date: /home/bgb_6342/ws_manipulator/install/manipulator/share/manipulator/cmake/manipulatorConfig.cmake
[0.095s] -- Up-to-date: /home/bgb_6342/ws_manipulator/install/manipulator/share/manipulator/cmake/manipulatorConfig-version.cmake
[0.095s] -- Up-to-date: /home/bgb_6342/ws_manipulator/install/manipulator/share/manipulator/package.xml
[0.097s] Invoked command in '/home/bgb_6342/ws_manipulator/build/manipulator' returned '0': CMAKE_PREFIX_PATH=${CMAKE_PREFIX_PATH}:/opt/ros/humble /usr/bin/cmake --install /home/bgb_6342/ws_manipulator/build/manipulator
