[0.051s] Invoking command in '/home/bgb_6342/ws_manipulator/build/manipulator': CMAKE_PREFIX_PATH=${CMAKE_PREFIX_PATH}:/opt/ros/humble /usr/bin/cmake --build /home/bgb_6342/ws_manipulator/build/manipulator -- -j4 -l4
[0.177s] Invoked command in '/home/bgb_6342/ws_manipulator/build/manipulator' returned '0': CMAKE_PREFIX_PATH=${CMAKE_PREFIX_PATH}:/opt/ros/humble /usr/bin/cmake --build /home/bgb_6342/ws_manipulator/build/manipulator -- -j4 -l4
[0.211s] Invoking command in '/home/bgb_6342/ws_manipulator/build/manipulator': CMAKE_PREFIX_PATH=${CMAKE_PREFIX_PATH}:/opt/ros/humble /usr/bin/cmake --install /home/bgb_6342/ws_manipulator/build/manipulator
[0.236s] -- Install configuration: ""
[0.236s] -- Execute custom install script
[0.237s] -- Up-to-date symlink: /home/bgb_6342/ws_manipulator/install/manipulator/share/manipulator/launch/display.launch.py
[0.237s] -- Up-to-date symlink: /home/bgb_6342/ws_manipulator/install/manipulator/share/manipulator/launch/launch_sim.launch.py
[0.249s] -- Symlinking: /home/bgb_6342/ws_manipulator/install/manipulator/share/manipulator/urdf/inertial_macros.xacro
[0.274s] -- Symlinking: /home/bgb_6342/ws_manipulator/install/manipulator/share/manipulator/urdf/model.urdf
[0.310s] -- Up-to-date symlink: /home/bgb_6342/ws_manipulator/install/manipulator/share/manipulator/urdf/model.urdf.xacro
[0.311s] -- Up-to-date symlink: /home/bgb_6342/ws_manipulator/install/manipulator/share/manipulator/config/ros2_controllers.yaml
[0.311s] -- Up-to-date symlink: /home/bgb_6342/ws_manipulator/install/manipulator/share/ament_index/resource_index/package_run_dependencies/manipulator
[0.312s] -- Up-to-date symlink: /home/bgb_6342/ws_manipulator/install/manipulator/share/ament_index/resource_index/parent_prefix_path/manipulator
[0.313s] -- Up-to-date symlink: /home/bgb_6342/ws_manipulator/install/manipulator/share/manipulator/environment/ament_prefix_path.sh
[0.313s] -- Up-to-date symlink: /home/bgb_6342/ws_manipulator/install/manipulator/share/manipulator/environment/ament_prefix_path.dsv
[0.313s] -- Up-to-date symlink: /home/bgb_6342/ws_manipulator/install/manipulator/share/manipulator/environment/path.sh
[0.316s] -- Up-to-date symlink: /home/bgb_6342/ws_manipulator/install/manipulator/share/manipulator/environment/path.dsv
[0.316s] -- Up-to-date symlink: /home/bgb_6342/ws_manipulator/install/manipulator/share/manipulator/local_setup.bash
[0.317s] -- Up-to-date symlink: /home/bgb_6342/ws_manipulator/install/manipulator/share/manipulator/local_setup.sh
[0.317s] -- Up-to-date symlink: /home/bgb_6342/ws_manipulator/install/manipulator/share/manipulator/local_setup.zsh
[0.317s] -- Up-to-date symlink: /home/bgb_6342/ws_manipulator/install/manipulator/share/manipulator/local_setup.dsv
[0.318s] -- Symlinking: /home/bgb_6342/ws_manipulator/install/manipulator/share/manipulator/package.dsv
[0.352s] -- Up-to-date symlink: /home/bgb_6342/ws_manipulator/install/manipulator/share/ament_index/resource_index/packages/manipulator
[0.352s] -- Up-to-date symlink: /home/bgb_6342/ws_manipulator/install/manipulator/share/manipulator/cmake/manipulatorConfig.cmake
[0.353s] -- Up-to-date symlink: /home/bgb_6342/ws_manipulator/install/manipulator/share/manipulator/cmake/manipulatorConfig-version.cmake
[0.353s] -- Up-to-date symlink: /home/bgb_6342/ws_manipulator/install/manipulator/share/manipulator/package.xml
[0.362s] Invoked command in '/home/bgb_6342/ws_manipulator/build/manipulator' returned '0': CMAKE_PREFIX_PATH=${CMAKE_PREFIX_PATH}:/opt/ros/humble /usr/bin/cmake --install /home/bgb_6342/ws_manipulator/build/manipulator
