[0.023s] Invoking command in '/home/bgb_6342/ws_manipulator/build/manipulator': CMAKE_PREFIX_PATH=/opt/ros/humble /usr/bin/cmake /home/bgb_6342/ws_manipulator/src/manipulator -DCMAKE_INSTALL_PREFIX=/home/bgb_6342/ws_manipulator/install/manipulator
[0.271s] -- The C compiler identification is GNU 11.4.0
[0.710s] -- The CXX compiler identification is GNU 11.4.0
[0.968s] -- Detecting C compiler ABI info
[1.122s] -- Detecting C compiler ABI info - done
[1.131s] -- Check for working C compiler: /usr/bin/cc - skipped
[1.132s] -- Detecting C compile features
[1.133s] -- Detecting C compile features - done
[1.140s] -- Detecting CXX compiler ABI info
[1.312s] -- Detecting CXX compiler ABI info - done
[1.332s] -- Check for working CXX compiler: /usr/bin/c++ - skipped
[1.332s] -- Detecting CXX compile features
[1.334s] -- Detecting CXX compile features - done
[1.340s] -- Found ament_cmake: 1.3.11 (/opt/ros/humble/share/ament_cmake/cmake)
[1.565s] -- Found Python3: /usr/bin/python3 (found version "3.10.12") found components: Interpreter 
[1.722s] -- Found ament_lint_auto: 0.12.12 (/opt/ros/humble/share/ament_lint_auto/cmake)
[1.844s] -- Added test 'lint_cmake' to check CMake code style
[1.847s] -- Added test 'xmllint' to check XML markup files
[1.850s] -- Configuring done
[1.854s] -- Generating done
[1.856s] -- Build files have been written to: /home/bgb_6342/ws_manipulator/build/manipulator
[1.863s] Invoked command in '/home/bgb_6342/ws_manipulator/build/manipulator' returned '0': CMAKE_PREFIX_PATH=/opt/ros/humble /usr/bin/cmake /home/bgb_6342/ws_manipulator/src/manipulator -DCMAKE_INSTALL_PREFIX=/home/bgb_6342/ws_manipulator/install/manipulator
[1.865s] Invoking command in '/home/bgb_6342/ws_manipulator/build/manipulator': CMAKE_PREFIX_PATH=/opt/ros/humble /usr/bin/cmake --build /home/bgb_6342/ws_manipulator/build/manipulator -- -j4 -l4
[1.917s] Invoked command in '/home/bgb_6342/ws_manipulator/build/manipulator' returned '0': CMAKE_PREFIX_PATH=/opt/ros/humble /usr/bin/cmake --build /home/bgb_6342/ws_manipulator/build/manipulator -- -j4 -l4
[1.931s] Invoking command in '/home/bgb_6342/ws_manipulator/build/manipulator': CMAKE_PREFIX_PATH=/opt/ros/humble /usr/bin/cmake --install /home/bgb_6342/ws_manipulator/build/manipulator
[1.939s] -- Install configuration: ""
[1.941s] -- Installing: /home/bgb_6342/ws_manipulator/install/manipulator/share/ament_index/resource_index/package_run_dependencies/manipulator
[1.941s] -- Installing: /home/bgb_6342/ws_manipulator/install/manipulator/share/ament_index/resource_index/parent_prefix_path/manipulator
[1.942s] -- Installing: /home/bgb_6342/ws_manipulator/install/manipulator/share/manipulator/environment/ament_prefix_path.sh
[1.942s] -- Installing: /home/bgb_6342/ws_manipulator/install/manipulator/share/manipulator/environment/ament_prefix_path.dsv
[1.942s] -- Installing: /home/bgb_6342/ws_manipulator/install/manipulator/share/manipulator/environment/path.sh
[1.943s] -- Installing: /home/bgb_6342/ws_manipulator/install/manipulator/share/manipulator/environment/path.dsv
[1.943s] -- Installing: /home/bgb_6342/ws_manipulator/install/manipulator/share/manipulator/local_setup.bash
[1.943s] -- Installing: /home/bgb_6342/ws_manipulator/install/manipulator/share/manipulator/local_setup.sh
[1.944s] -- Installing: /home/bgb_6342/ws_manipulator/install/manipulator/share/manipulator/local_setup.zsh
[1.944s] -- Installing: /home/bgb_6342/ws_manipulator/install/manipulator/share/manipulator/local_setup.dsv
[1.944s] -- Installing: /home/bgb_6342/ws_manipulator/install/manipulator/share/manipulator/package.dsv
[1.944s] -- Installing: /home/bgb_6342/ws_manipulator/install/manipulator/share/ament_index/resource_index/packages/manipulator
[1.945s] -- Installing: /home/bgb_6342/ws_manipulator/install/manipulator/share/manipulator/cmake/manipulatorConfig.cmake
[1.945s] -- Installing: /home/bgb_6342/ws_manipulator/install/manipulator/share/manipulator/cmake/manipulatorConfig-version.cmake
[1.945s] -- Installing: /home/bgb_6342/ws_manipulator/install/manipulator/share/manipulator/package.xml
[1.949s] Invoked command in '/home/bgb_6342/ws_manipulator/build/manipulator' returned '0': CMAKE_PREFIX_PATH=/opt/ros/humble /usr/bin/cmake --install /home/bgb_6342/ws_manipulator/build/manipulator
