[0.019s] Invoking command in '/home/bgb_6342/ws_manipulator/build/manipulator': CMAKE_PREFIX_PATH=/opt/ros/humble /usr/bin/cmake --build /home/bgb_6342/ws_manipulator/build/manipulator -- -j4 -l4
[0.076s] Invoked command in '/home/bgb_6342/ws_manipulator/build/manipulator' returned '0': CMAKE_PREFIX_PATH=/opt/ros/humble /usr/bin/cmake --build /home/bgb_6342/ws_manipulator/build/manipulator -- -j4 -l4
[0.088s] Invoking command in '/home/bgb_6342/ws_manipulator/build/manipulator': CMAKE_PREFIX_PATH=/opt/ros/humble /usr/bin/cmake --install /home/bgb_6342/ws_manipulator/build/manipulator
[0.095s] -- Install configuration: ""
[0.096s] -- Up-to-date: /home/bgb_6342/ws_manipulator/install/manipulator/share/manipulator/launch
[0.096s] -- Installing: /home/bgb_6342/ws_manipulator/install/manipulator/share/manipulator/launch/display.launch.py
[0.097s] -- Up-to-date: /home/bgb_6342/ws_manipulator/install/manipulator/share/manipulator/urdf
[0.097s] -- Installing: /home/bgb_6342/ws_manipulator/install/manipulator/share/manipulator/urdf/model.urdf
[0.098s] -- Up-to-date: /home/bgb_6342/ws_manipulator/install/manipulator/share/manipulator/config
[0.098s] -- Up-to-date: /home/bgb_6342/ws_manipulator/install/manipulator/share/ament_index/resource_index/package_run_dependencies/manipulator
[0.098s] -- Up-to-date: /home/bgb_6342/ws_manipulator/install/manipulator/share/ament_index/resource_index/parent_prefix_path/manipulator
[0.098s] -- Up-to-date: /home/bgb_6342/ws_manipulator/install/manipulator/share/manipulator/environment/ament_prefix_path.sh
[0.098s] -- Up-to-date: /home/bgb_6342/ws_manipulator/install/manipulator/share/manipulator/environment/ament_prefix_path.dsv
[0.099s] -- Up-to-date: /home/bgb_6342/ws_manipulator/install/manipulator/share/manipulator/environment/path.sh
[0.099s] -- Up-to-date: /home/bgb_6342/ws_manipulator/install/manipulator/share/manipulator/environment/path.dsv
[0.099s] -- Up-to-date: /home/bgb_6342/ws_manipulator/install/manipulator/share/manipulator/local_setup.bash
[0.099s] -- Up-to-date: /home/bgb_6342/ws_manipulator/install/manipulator/share/manipulator/local_setup.sh
[0.099s] -- Up-to-date: /home/bgb_6342/ws_manipulator/install/manipulator/share/manipulator/local_setup.zsh
[0.099s] -- Up-to-date: /home/bgb_6342/ws_manipulator/install/manipulator/share/manipulator/local_setup.dsv
[0.099s] -- Installing: /home/bgb_6342/ws_manipulator/install/manipulator/share/manipulator/package.dsv
[0.102s] -- Up-to-date: /home/bgb_6342/ws_manipulator/install/manipulator/share/ament_index/resource_index/packages/manipulator
[0.102s] -- Up-to-date: /home/bgb_6342/ws_manipulator/install/manipulator/share/manipulator/cmake/manipulatorConfig.cmake
[0.102s] -- Up-to-date: /home/bgb_6342/ws_manipulator/install/manipulator/share/manipulator/cmake/manipulatorConfig-version.cmake
[0.102s] -- Up-to-date: /home/bgb_6342/ws_manipulator/install/manipulator/share/manipulator/package.xml
[0.104s] Invoked command in '/home/bgb_6342/ws_manipulator/build/manipulator' returned '0': CMAKE_PREFIX_PATH=/opt/ros/humble /usr/bin/cmake --install /home/bgb_6342/ws_manipulator/build/manipulator
