[0.016s] Invoking command in '/home/bgb_6342/ws_manipulator/build/manipulator': CMAKE_PREFIX_PATH=${CMAKE_PREFIX_PATH}:/opt/ros/humble /usr/bin/cmake --build /home/bgb_6342/ws_manipulator/build/manipulator -- -j4 -l4
[0.041s] -- Found ament_cmake: 1.3.11 (/opt/ros/humble/share/ament_cmake/cmake)
[0.181s] -- Override CMake install command with custom implementation using symlinks instead of copying resources
[0.190s] -- Found ament_lint_auto: 0.12.12 (/opt/ros/humble/share/ament_lint_auto/cmake)
[0.273s] -- Added test 'flake8' to check Python code syntax and style conventions
[0.273s] -- Added test 'lint_cmake' to check CMake code style
[0.274s] -- Added test 'pep257' to check Python code against some of the docstring style conventions in PEP 257
[0.275s] -- Added test 'xmllint' to check XML markup files
[0.277s] -- Configuring done
[0.280s] -- Generating done
[0.282s] -- Build files have been written to: /home/bgb_6342/ws_manipulator/build/manipulator
[0.307s] Invoked command in '/home/bgb_6342/ws_manipulator/build/manipulator' returned '0': CMAKE_PREFIX_PATH=${CMAKE_PREFIX_PATH}:/opt/ros/humble /usr/bin/cmake --build /home/bgb_6342/ws_manipulator/build/manipulator -- -j4 -l4
[0.324s] Invoking command in '/home/bgb_6342/ws_manipulator/build/manipulator': CMAKE_PREFIX_PATH=${CMAKE_PREFIX_PATH}:/opt/ros/humble /usr/bin/cmake --install /home/bgb_6342/ws_manipulator/build/manipulator
[0.333s] -- Install configuration: ""
[0.334s] -- Execute custom install script
[0.335s] -- Up-to-date symlink: /home/bgb_6342/ws_manipulator/install/manipulator/share/manipulator/launch/display.launch.py
[0.336s] -- Up-to-date symlink: /home/bgb_6342/ws_manipulator/install/manipulator/share/manipulator/urdf/intertial_macros.xacro
[0.336s] -- Up-to-date symlink: /home/bgb_6342/ws_manipulator/install/manipulator/share/manipulator/urdf/model.urdf.xacro
[0.336s] -- Up-to-date symlink: /home/bgb_6342/ws_manipulator/install/manipulator/share/ament_index/resource_index/package_run_dependencies/manipulator
[0.337s] -- Up-to-date symlink: /home/bgb_6342/ws_manipulator/install/manipulator/share/ament_index/resource_index/parent_prefix_path/manipulator
[0.337s] -- Up-to-date symlink: /home/bgb_6342/ws_manipulator/install/manipulator/share/manipulator/environment/ament_prefix_path.sh
[0.338s] -- Up-to-date symlink: /home/bgb_6342/ws_manipulator/install/manipulator/share/manipulator/environment/ament_prefix_path.dsv
[0.338s] -- Up-to-date symlink: /home/bgb_6342/ws_manipulator/install/manipulator/share/manipulator/environment/path.sh
[0.339s] -- Up-to-date symlink: /home/bgb_6342/ws_manipulator/install/manipulator/share/manipulator/environment/path.dsv
[0.339s] -- Up-to-date symlink: /home/bgb_6342/ws_manipulator/install/manipulator/share/manipulator/local_setup.bash
[0.339s] -- Up-to-date symlink: /home/bgb_6342/ws_manipulator/install/manipulator/share/manipulator/local_setup.sh
[0.340s] -- Up-to-date symlink: /home/bgb_6342/ws_manipulator/install/manipulator/share/manipulator/local_setup.zsh
[0.340s] -- Up-to-date symlink: /home/bgb_6342/ws_manipulator/install/manipulator/share/manipulator/local_setup.dsv
[0.340s] -- Symlinking: /home/bgb_6342/ws_manipulator/install/manipulator/share/manipulator/package.dsv
[0.350s] -- Up-to-date symlink: /home/bgb_6342/ws_manipulator/install/manipulator/share/ament_index/resource_index/packages/manipulator
[0.351s] -- Up-to-date symlink: /home/bgb_6342/ws_manipulator/install/manipulator/share/manipulator/cmake/manipulatorConfig.cmake
[0.351s] -- Up-to-date symlink: /home/bgb_6342/ws_manipulator/install/manipulator/share/manipulator/cmake/manipulatorConfig-version.cmake
[0.351s] -- Up-to-date symlink: /home/bgb_6342/ws_manipulator/install/manipulator/share/manipulator/package.xml
[0.354s] Invoked command in '/home/bgb_6342/ws_manipulator/build/manipulator' returned '0': CMAKE_PREFIX_PATH=${CMAKE_PREFIX_PATH}:/opt/ros/humble /usr/bin/cmake --install /home/bgb_6342/ws_manipulator/build/manipulator
